<?xml version="1.0" encoding="UTF-8"?>
<testsuite xmlns:xsi="http://www.w3.org/2001/XMLSchema-instance" xsi:noNamespaceSchemaLocation="https://maven.apache.org/surefire/maven-surefire-plugin/xsd/surefire-test-report-3.0.xsd" version="3.0" name="tt.TestRegistryDao" time="0.001" tests="0" errors="0" skipped="0" failures="0">
  <properties>
    <property name="awt.toolkit" value="sun.awt.X11.XToolkit"/>
    <property name="java.specification.version" value="11"/>
    <property name="sun.cpu.isalist" value=""/>
    <property name="sun.jnu.encoding" value="UTF-8"/>
    <property name="java.class.path" value="/github/workspace/target/test-classes:/github/workspace/target/classes:/root/.m2/repository/commons-cli/commons-cli/1.9.0/commons-cli-1.9.0.jar:/root/.m2/repository/gov/nasa/pds/registry-common/2.0.4/registry-common-2.0.4.jar:/root/.m2/repository/org/elasticsearch/client/elasticsearch-rest-client/8.14.3/elasticsearch-rest-client-8.14.3.jar:/root/.m2/repository/org/apache/httpcomponents/httpclient/4.5.14/httpclient-4.5.14.jar:/root/.m2/repository/org/apache/httpcomponents/httpcore/4.4.13/httpcore-4.4.13.jar:/root/.m2/repository/org/apache/httpcomponents/httpasyncclient/4.1.5/httpasyncclient-4.1.5.jar:/root/.m2/repository/org/apache/httpcomponents/httpcore-nio/4.4.13/httpcore-nio-4.4.13.jar:/root/.m2/repository/commons-codec/commons-codec/1.15/commons-codec-1.15.jar:/root/.m2/repository/commons-logging/commons-logging/1.2/commons-logging-1.2.jar:/root/.m2/repository/org/json/json/20240303/json-20240303.jar:/root/.m2/repository/org/apache/logging/log4j/log4j-core/2.23.1/log4j-core-2.23.1.jar:/root/.m2/repository/org/apache/logging/log4j/log4j-api/2.23.1/log4j-api-2.23.1.jar:/root/.m2/repository/org/apache/commons/commons-lang3/3.16.0/commons-lang3-3.16.0.jar:/root/.m2/repository/org/apache/tika/tika-core/2.9.2/tika-core-2.9.2.jar:/root/.m2/repository/commons-io/commons-io/2.15.1/commons-io-2.15.1.jar:/root/.m2/repository/jakarta/xml/bind/jakarta.xml.bind-api/4.0.2/jakarta.xml.bind-api-4.0.2.jar:/root/.m2/repository/com/sun/xml/bind/jaxb-impl/4.0.5/jaxb-impl-4.0.5.jar:/root/.m2/repository/com/sun/xml/bind/jaxb-core/4.0.5/jaxb-core-4.0.5.jar:/root/.m2/repository/org/eclipse/angus/angus-activation/2.0.2/angus-activation-2.0.2.jar:/root/.m2/repository/jakarta/activation/jakarta.activation-api/2.1.3/jakarta.activation-api-2.1.3.jar:/root/.m2/repository/org/apache/httpcomponents/client5/httpclient5/5.3.1/httpclient5-5.3.1.jar:/root/.m2/repository/org/apache/httpcomponents/core5/httpcore5/5.2.4/httpcore5-5.2.4.jar:/root/.m2/repository/org/apache/httpcomponents/core5/httpcore5-h2/5.2.4/httpcore5-h2-5.2.4.jar:/root/.m2/repository/org/opensearch/client/opensearch-java/2.13.0/opensearch-java-2.13.0.jar:/root/.m2/repository/com/google/code/findbugs/jsr305/3.0.2/jsr305-3.0.2.jar:/root/.m2/repository/org/eclipse/parsson/parsson/1.1.6/parsson-1.1.6.jar:/root/.m2/repository/jakarta/json/jakarta.json-api/2.1.3/jakarta.json-api-2.1.3.jar:/root/.m2/repository/org/opensearch/client/opensearch-rest-client/2.12.0/opensearch-rest-client-2.12.0.jar:/root/.m2/repository/jakarta/json/bind/jakarta.json.bind-api/2.0.0/jakarta.json.bind-api-2.0.0.jar:/root/.m2/repository/com/fasterxml/jackson/core/jackson-core/2.17.0/jackson-core-2.17.0.jar:/root/.m2/repository/com/fasterxml/jackson/core/jackson-databind/2.17.0/jackson-databind-2.17.0.jar:/root/.m2/repository/com/fasterxml/jackson/core/jackson-annotations/2.17.0/jackson-annotations-2.17.0.jar:/root/.m2/repository/net/bytebuddy/byte-buddy/1.14.9/byte-buddy-1.14.9.jar:/root/.m2/repository/org/eclipse/yasson/2.0.2/yasson-2.0.2.jar:/root/.m2/repository/org/glassfish/jakarta.json/2.0.0/jakarta.json-2.0.0-module.jar:/root/.m2/repository/software/amazon/awssdk/opensearch/2.25.31/opensearch-2.25.31.jar:/root/.m2/repository/software/amazon/awssdk/protocol-core/2.25.31/protocol-core-2.25.31.jar:/root/.m2/repository/software/amazon/awssdk/aws-json-protocol/2.25.31/aws-json-protocol-2.25.31.jar:/root/.m2/repository/software/amazon/awssdk/third-party-jackson-core/2.25.31/third-party-jackson-core-2.25.31.jar:/root/.m2/repository/software/amazon/awssdk/http-auth-aws/2.25.31/http-auth-aws-2.25.31.jar:/root/.m2/repository/software/amazon/awssdk/checksums-spi/2.25.31/checksums-spi-2.25.31.jar:/root/.m2/repository/software/amazon/awssdk/checksums/2.25.31/checksums-2.25.31.jar:/root/.m2/repository/software/amazon/awssdk/sdk-core/2.25.31/sdk-core-2.25.31.jar:/root/.m2/repository/software/amazon/awssdk/profiles/2.25.31/profiles-2.25.31.jar:/root/.m2/repository/org/reactivestreams/reactive-streams/1.0.4/reactive-streams-1.0.4.jar:/root/.m2/repository/software/amazon/awssdk/auth/2.25.31/auth-2.25.31.jar:/root/.m2/repository/software/amazon/eventstream/eventstream/1.0.1/eventstream-1.0.1.jar:/root/.m2/repository/software/amazon/awssdk/http-auth-spi/2.25.31/http-auth-spi-2.25.31.jar:/root/.m2/repository/software/amazon/awssdk/http-auth/2.25.31/http-auth-2.25.31.jar:/root/.m2/repository/software/amazon/awssdk/identity-spi/2.25.31/identity-spi-2.25.31.jar:/root/.m2/repository/software/amazon/awssdk/http-client-spi/2.25.31/http-client-spi-2.25.31.jar:/root/.m2/repository/software/amazon/awssdk/regions/2.25.31/regions-2.25.31.jar:/root/.m2/repository/software/amazon/awssdk/annotations/2.25.31/annotations-2.25.31.jar:/root/.m2/repository/software/amazon/awssdk/utils/2.25.31/utils-2.25.31.jar:/root/.m2/repository/software/amazon/awssdk/aws-core/2.25.31/aws-core-2.25.31.jar:/root/.m2/repository/software/amazon/awssdk/metrics-spi/2.25.31/metrics-spi-2.25.31.jar:/root/.m2/repository/software/amazon/awssdk/json-utils/2.25.31/json-utils-2.25.31.jar:/root/.m2/repository/software/amazon/awssdk/endpoints-spi/2.25.31/endpoints-spi-2.25.31.jar:/root/.m2/repository/software/amazon/awssdk/netty-nio-client/2.25.31/netty-nio-client-2.25.31.jar:/root/.m2/repository/io/netty/netty-codec-http/4.1.108.Final/netty-codec-http-4.1.108.Final.jar:/root/.m2/repository/io/netty/netty-codec-http2/4.1.108.Final/netty-codec-http2-4.1.108.Final.jar:/root/.m2/repository/io/netty/netty-codec/4.1.108.Final/netty-codec-4.1.108.Final.jar:/root/.m2/repository/io/netty/netty-transport/4.1.108.Final/netty-transport-4.1.108.Final.jar:/root/.m2/repository/io/netty/netty-common/4.1.108.Final/netty-common-4.1.108.Final.jar:/root/.m2/repository/io/netty/netty-buffer/4.1.108.Final/netty-buffer-4.1.108.Final.jar:/root/.m2/repository/io/netty/netty-handler/4.1.108.Final/netty-handler-4.1.108.Final.jar:/root/.m2/repository/io/netty/netty-transport-native-unix-common/4.1.108.Final/netty-transport-native-unix-common-4.1.108.Final.jar:/root/.m2/repository/io/netty/netty-transport-classes-epoll/4.1.108.Final/netty-transport-classes-epoll-4.1.108.Final.jar:/root/.m2/repository/io/netty/netty-resolver/4.1.108.Final/netty-resolver-4.1.108.Final.jar:/root/.m2/repository/software/amazon/awssdk/apache-client/2.27.0/apache-client-2.27.0.jar:/root/.m2/repository/com/google/code/gson/gson/2.11.0/gson-2.11.0.jar:/root/.m2/repository/com/google/errorprone/error_prone_annotations/2.27.0/error_prone_annotations-2.27.0.jar:/root/.m2/repository/com/opencsv/opencsv/5.9/opencsv-5.9.jar:/root/.m2/repository/org/apache/commons/commons-text/1.11.0/commons-text-1.11.0.jar:/root/.m2/repository/commons-beanutils/commons-beanutils/1.9.4/commons-beanutils-1.9.4.jar:/root/.m2/repository/commons-collections/commons-collections/3.2.2/commons-collections-3.2.2.jar:/root/.m2/repository/org/apache/commons/commons-collections4/4.4/commons-collections4-4.4.jar:/root/.m2/repository/org/slf4j/slf4j-nop/2.0.16/slf4j-nop-2.0.16.jar:/root/.m2/repository/org/slf4j/slf4j-api/2.0.16/slf4j-api-2.0.16.jar:"/>
    <property name="java.vm.vendor" value="Alpine"/>
    <property name="sun.arch.data.model" value="64"/>
    <property name="java.vendor.url" value="https://alpinelinux.org/"/>
    <property name="user.timezone" value=""/>
    <property name="java.vm.specification.version" value="11"/>
    <property name="os.name" value="Linux"/>
    <property name="sun.java.launcher" value="SUN_STANDARD"/>
    <property name="user.country" value="US"/>
    <property name="sun.boot.library.path" value="/usr/lib/jvm/java-11-openjdk/lib"/>
    <property name="sun.java.command" value="/github/workspace/target/surefire/surefirebooter-20250407164455972_3.jar /github/workspace/target/surefire 2025-04-07T16-44-55_877-jvmRun1 surefire-20250407164455972_1tmp surefire_0-20250407164455972_2tmp"/>
    <property name="jdk.debug" value="release"/>
    <property name="surefire.test.class.path" value="/github/workspace/target/test-classes:/github/workspace/target/classes:/root/.m2/repository/commons-cli/commons-cli/1.9.0/commons-cli-1.9.0.jar:/root/.m2/repository/gov/nasa/pds/registry-common/2.0.4/registry-common-2.0.4.jar:/root/.m2/repository/org/elasticsearch/client/elasticsearch-rest-client/8.14.3/elasticsearch-rest-client-8.14.3.jar:/root/.m2/repository/org/apache/httpcomponents/httpclient/4.5.14/httpclient-4.5.14.jar:/root/.m2/repository/org/apache/httpcomponents/httpcore/4.4.13/httpcore-4.4.13.jar:/root/.m2/repository/org/apache/httpcomponents/httpasyncclient/4.1.5/httpasyncclient-4.1.5.jar:/root/.m2/repository/org/apache/httpcomponents/httpcore-nio/4.4.13/httpcore-nio-4.4.13.jar:/root/.m2/repository/commons-codec/commons-codec/1.15/commons-codec-1.15.jar:/root/.m2/repository/commons-logging/commons-logging/1.2/commons-logging-1.2.jar:/root/.m2/repository/org/json/json/20240303/json-20240303.jar:/root/.m2/repository/org/apache/logging/log4j/log4j-core/2.23.1/log4j-core-2.23.1.jar:/root/.m2/repository/org/apache/logging/log4j/log4j-api/2.23.1/log4j-api-2.23.1.jar:/root/.m2/repository/org/apache/commons/commons-lang3/3.16.0/commons-lang3-3.16.0.jar:/root/.m2/repository/org/apache/tika/tika-core/2.9.2/tika-core-2.9.2.jar:/root/.m2/repository/commons-io/commons-io/2.15.1/commons-io-2.15.1.jar:/root/.m2/repository/jakarta/xml/bind/jakarta.xml.bind-api/4.0.2/jakarta.xml.bind-api-4.0.2.jar:/root/.m2/repository/com/sun/xml/bind/jaxb-impl/4.0.5/jaxb-impl-4.0.5.jar:/root/.m2/repository/com/sun/xml/bind/jaxb-core/4.0.5/jaxb-core-4.0.5.jar:/root/.m2/repository/org/eclipse/angus/angus-activation/2.0.2/angus-activation-2.0.2.jar:/root/.m2/repository/jakarta/activation/jakarta.activation-api/2.1.3/jakarta.activation-api-2.1.3.jar:/root/.m2/repository/org/apache/httpcomponents/client5/httpclient5/5.3.1/httpclient5-5.3.1.jar:/root/.m2/repository/org/apache/httpcomponents/core5/httpcore5/5.2.4/httpcore5-5.2.4.jar:/root/.m2/repository/org/apache/httpcomponents/core5/httpcore5-h2/5.2.4/httpcore5-h2-5.2.4.jar:/root/.m2/repository/org/opensearch/client/opensearch-java/2.13.0/opensearch-java-2.13.0.jar:/root/.m2/repository/com/google/code/findbugs/jsr305/3.0.2/jsr305-3.0.2.jar:/root/.m2/repository/org/eclipse/parsson/parsson/1.1.6/parsson-1.1.6.jar:/root/.m2/repository/jakarta/json/jakarta.json-api/2.1.3/jakarta.json-api-2.1.3.jar:/root/.m2/repository/org/opensearch/client/opensearch-rest-client/2.12.0/opensearch-rest-client-2.12.0.jar:/root/.m2/repository/jakarta/json/bind/jakarta.json.bind-api/2.0.0/jakarta.json.bind-api-2.0.0.jar:/root/.m2/repository/com/fasterxml/jackson/core/jackson-core/2.17.0/jackson-core-2.17.0.jar:/root/.m2/repository/com/fasterxml/jackson/core/jackson-databind/2.17.0/jackson-databind-2.17.0.jar:/root/.m2/repository/com/fasterxml/jackson/core/jackson-annotations/2.17.0/jackson-annotations-2.17.0.jar:/root/.m2/repository/net/bytebuddy/byte-buddy/1.14.9/byte-buddy-1.14.9.jar:/root/.m2/repository/org/eclipse/yasson/2.0.2/yasson-2.0.2.jar:/root/.m2/repository/org/glassfish/jakarta.json/2.0.0/jakarta.json-2.0.0-module.jar:/root/.m2/repository/software/amazon/awssdk/opensearch/2.25.31/opensearch-2.25.31.jar:/root/.m2/repository/software/amazon/awssdk/protocol-core/2.25.31/protocol-core-2.25.31.jar:/root/.m2/repository/software/amazon/awssdk/aws-json-protocol/2.25.31/aws-json-protocol-2.25.31.jar:/root/.m2/repository/software/amazon/awssdk/third-party-jackson-core/2.25.31/third-party-jackson-core-2.25.31.jar:/root/.m2/repository/software/amazon/awssdk/http-auth-aws/2.25.31/http-auth-aws-2.25.31.jar:/root/.m2/repository/software/amazon/awssdk/checksums-spi/2.25.31/checksums-spi-2.25.31.jar:/root/.m2/repository/software/amazon/awssdk/checksums/2.25.31/checksums-2.25.31.jar:/root/.m2/repository/software/amazon/awssdk/sdk-core/2.25.31/sdk-core-2.25.31.jar:/root/.m2/repository/software/amazon/awssdk/profiles/2.25.31/profiles-2.25.31.jar:/root/.m2/repository/org/reactivestreams/reactive-streams/1.0.4/reactive-streams-1.0.4.jar:/root/.m2/repository/software/amazon/awssdk/auth/2.25.31/auth-2.25.31.jar:/root/.m2/repository/software/amazon/eventstream/eventstream/1.0.1/eventstream-1.0.1.jar:/root/.m2/repository/software/amazon/awssdk/http-auth-spi/2.25.31/http-auth-spi-2.25.31.jar:/root/.m2/repository/software/amazon/awssdk/http-auth/2.25.31/http-auth-2.25.31.jar:/root/.m2/repository/software/amazon/awssdk/identity-spi/2.25.31/identity-spi-2.25.31.jar:/root/.m2/repository/software/amazon/awssdk/http-client-spi/2.25.31/http-client-spi-2.25.31.jar:/root/.m2/repository/software/amazon/awssdk/regions/2.25.31/regions-2.25.31.jar:/root/.m2/repository/software/amazon/awssdk/annotations/2.25.31/annotations-2.25.31.jar:/root/.m2/repository/software/amazon/awssdk/utils/2.25.31/utils-2.25.31.jar:/root/.m2/repository/software/amazon/awssdk/aws-core/2.25.31/aws-core-2.25.31.jar:/root/.m2/repository/software/amazon/awssdk/metrics-spi/2.25.31/metrics-spi-2.25.31.jar:/root/.m2/repository/software/amazon/awssdk/json-utils/2.25.31/json-utils-2.25.31.jar:/root/.m2/repository/software/amazon/awssdk/endpoints-spi/2.25.31/endpoints-spi-2.25.31.jar:/root/.m2/repository/software/amazon/awssdk/netty-nio-client/2.25.31/netty-nio-client-2.25.31.jar:/root/.m2/repository/io/netty/netty-codec-http/4.1.108.Final/netty-codec-http-4.1.108.Final.jar:/root/.m2/repository/io/netty/netty-codec-http2/4.1.108.Final/netty-codec-http2-4.1.108.Final.jar:/root/.m2/repository/io/netty/netty-codec/4.1.108.Final/netty-codec-4.1.108.Final.jar:/root/.m2/repository/io/netty/netty-transport/4.1.108.Final/netty-transport-4.1.108.Final.jar:/root/.m2/repository/io/netty/netty-common/4.1.108.Final/netty-common-4.1.108.Final.jar:/root/.m2/repository/io/netty/netty-buffer/4.1.108.Final/netty-buffer-4.1.108.Final.jar:/root/.m2/repository/io/netty/netty-handler/4.1.108.Final/netty-handler-4.1.108.Final.jar:/root/.m2/repository/io/netty/netty-transport-native-unix-common/4.1.108.Final/netty-transport-native-unix-common-4.1.108.Final.jar:/root/.m2/repository/io/netty/netty-transport-classes-epoll/4.1.108.Final/netty-transport-classes-epoll-4.1.108.Final.jar:/root/.m2/repository/io/netty/netty-resolver/4.1.108.Final/netty-resolver-4.1.108.Final.jar:/root/.m2/repository/software/amazon/awssdk/apache-client/2.27.0/apache-client-2.27.0.jar:/root/.m2/repository/com/google/code/gson/gson/2.11.0/gson-2.11.0.jar:/root/.m2/repository/com/google/errorprone/error_prone_annotations/2.27.0/error_prone_annotations-2.27.0.jar:/root/.m2/repository/com/opencsv/opencsv/5.9/opencsv-5.9.jar:/root/.m2/repository/org/apache/commons/commons-text/1.11.0/commons-text-1.11.0.jar:/root/.m2/repository/commons-beanutils/commons-beanutils/1.9.4/commons-beanutils-1.9.4.jar:/root/.m2/repository/commons-collections/commons-collections/3.2.2/commons-collections-3.2.2.jar:/root/.m2/repository/org/apache/commons/commons-collections4/4.4/commons-collections4-4.4.jar:/root/.m2/repository/org/slf4j/slf4j-nop/2.0.16/slf4j-nop-2.0.16.jar:/root/.m2/repository/org/slf4j/slf4j-api/2.0.16/slf4j-api-2.0.16.jar:"/>
    <property name="sun.cpu.endian" value="little"/>
    <property name="user.home" value="/root"/>
    <property name="user.language" value="en"/>
    <property name="java.specification.vendor" value="Oracle Corporation"/>
    <property name="java.version.date" value="2024-01-16"/>
    <property name="java.home" value="/usr/lib/jvm/java-11-openjdk"/>
    <property name="file.separator" value="/"/>
    <property name="basedir" value="/github/workspace"/>
    <property name="java.vm.compressedOopsMode" value="Zero based"/>
    <property name="line.separator" value="&#10;"/>
    <property name="java.specification.name" value="Java Platform API Specification"/>
    <property name="java.vm.specification.vendor" value="Oracle Corporation"/>
    <property name="java.awt.graphicsenv" value="sun.awt.X11GraphicsEnvironment"/>
    <property name="surefire.real.class.path" value="/github/workspace/target/surefire/surefirebooter-20250407164455972_3.jar"/>
    <property name="sun.management.compiler" value="HotSpot 64-Bit Tiered Compilers"/>
    <property name="java.runtime.version" value="11.0.22+7-alpine-r0"/>
    <property name="user.name" value="root"/>
    <property name="path.separator" value=":"/>
    <property name="os.version" value="6.8.0-1021-azure"/>
    <property name="java.runtime.name" value="OpenJDK Runtime Environment"/>
    <property name="file.encoding" value="UTF-8"/>
    <property name="java.vm.name" value="OpenJDK 64-Bit Server VM"/>
    <property name="localRepository" value="/root/.m2/repository"/>
    <property name="java.vendor.url.bug" value="https://gitlab.alpinelinux.org/alpine/aports/issues"/>
    <property name="java.io.tmpdir" value="/tmp"/>
    <property name="java.version" value="11.0.22"/>
    <property name="user.dir" value="/github/workspace"/>
    <property name="os.arch" value="amd64"/>
    <property name="java.vm.specification.name" value="Java Virtual Machine Specification"/>
    <property name="java.awt.printerjob" value="sun.print.PSPrinterJob"/>
    <property name="sun.os.patch.level" value="unknown"/>
    <property name="java.library.path" value="/usr/lib/jvm/java-11-openjdk/lib/server:/usr/lib/jvm/java-11-openjdk/lib:/usr/lib/jvm/java-11-openjdk/../lib:/usr/java/packages/lib:/usr/lib64:/lib64:/lib:/usr/lib"/>
    <property name="java.vm.info" value="mixed mode"/>
    <property name="java.vendor" value="Alpine"/>
    <property name="java.vm.version" value="11.0.22+7-alpine-r0"/>
    <property name="java.specification.maintenance.version" value="2"/>
    <property name="sun.io.unicode.encoding" value="UnicodeLittle"/>
    <property name="java.class.version" value="55.0"/>
  </properties>
</testsuite>